==============================================================================
Basic                                                                         
==============================================================================
Basic.Asgmt8                                                                  
==============================================================================
TC_001                                                                  
  Traceback (most recent call last):
    ~~~~~~~~~~~~~~~~~~~~~~~~~~~~~~~~~~~~~~~~~~~~~~~~~~~~~~~~~~~~~~~~~~~~~~~~~~
    File  /Users/akira.s/Documents/basic-robot-asgmt/basic/asgmt8.robot:8
    T:  TC_001    
    ~~~~~~~~~~~~~~~~~~~~~~~~~~~~~~~~~~~~~~~~~~~~~~~~~~~~~~~~~~~~~~~~~~~~~~~~~~
    File  /Users/akira.s/Documents/basic-robot-asgmt/basic/asgmt8.robot:9
      Open Browser    url=${app_url}    browser=chrome
      |  url=${app_url} = url=http://example.com credentials (str)
______________________________________________________________________________
| FAIL |
WebDriverException: Message: unknown error: net::ERR_NAME_NOT_RESOLVED
  (Session info: chrome=129.0.6668.71)
Stacktrace:
0   chromedriver                        0x000000010275c248 cxxbridge1$str$ptr + 1907280
1   chromedriver                        0x0000000102754730 cxxbridge1$str$ptr + 1875768
2   chromedriver                        0x0000000102368260 cxxbridge1$string$len + 89488
3   chromedriver                        0x00000001023617bc cxxbridge1$string$len + 62188
4   chromedriver                        0x0000000102353654 cxxbridge1$string$len + 4484
5   chromedriver                        0x000000010235508c cxxbridge1$string$len + 11196
6   chromedriver                        0x0000000102353a00 cxxbridge1$string$len + 5424
7   chromedriver                        0x000000010235327c cxxbridge1$string$len + 3500
8   chromedriver                        0x0000000102353208 cxxbridge1$strin...
    [ Message content over the limit has been removed. ]
...er                        0x00000001023a1d7c cxxbridge1$string$len + 325804
16  chromedriver                        0x00000001027244d8 cxxbridge1$str$ptr + 1678560
17  chromedriver                        0x0000000102728e40 cxxbridge1$str$ptr + 1697352
18  chromedriver                        0x00000001027095ec cxxbridge1$str$ptr + 1568244
19  chromedriver                        0x0000000102729710 cxxbridge1$str$ptr + 1699608
20  chromedriver                        0x00000001026fab90 cxxbridge1$str$ptr + 1508248
21  chromedriver                        0x0000000102745828 cxxbridge1$str$ptr + 1814576
22  chromedriver                        0x0000000102745980 cxxbridge1$str$ptr + 1814920
23  chromedriver                        0x00000001027543d0 cxxbridge1$str$ptr + 1874904
24  libsystem_pthread.dylib             0x000000018d639f94 _pthread_start + 136
25  libsystem_pthread.dylib             0x000000018d634d34 thread_start + 8
------------------------------------------------------------------------------
Basic.Asgmt8                                                          | FAIL |
1 test, 0 passed, 1 failed
==============================================================================
Basic                                                                 | FAIL |
1 test, 0 passed, 1 failed
==============================================================================
Output:  /Users/akira.s/Documents/basic-robot-asgmt/basic/pabot_results/36/output.xml
