==============================================================================
Basicrobotasgmt                                                               
==============================================================================
Basicrobotasgmt.Asgmt8                                                        
==============================================================================
TC_001                                                                  
  Traceback (most recent call last):
    ~~~~~~~~~~~~~~~~~~~~~~~~~~~~~~~~~~~~~~~~~~~~~~~~~~~~~~~~~~~~~~~~~~~~~~~~~~
    File  /Users/docxed/Desktop/work/doppiocourse/basicrobotasgmt/asgmt8.robot:8
    T:  TC_001    
    ~~~~~~~~~~~~~~~~~~~~~~~~~~~~~~~~~~~~~~~~~~~~~~~~~~~~~~~~~~~~~~~~~~~~~~~~~~
    File  /Users/docxed/Desktop/work/doppiocourse/basicrobotasgmt/asgmt8.robot:9
      Open Browser    url=${app_url}    browser=chrome
      |  url=${app_url} = url=http://example.com credentials (str)
______________________________________________________________________________
| FAIL |
WebDriverException: Message: unknown error: net::ERR_NAME_NOT_RESOLVED
  (Session info: chrome=129.0.6668.71)
Stacktrace:
0   chromedriver                        0x0000000102ea8274 cxxbridge1$str$ptr + 1907280
1   chromedriver                        0x0000000102ea075c cxxbridge1$str$ptr + 1875768
2   chromedriver                        0x0000000102ab4260 cxxbridge1$string$len + 89488
3   chromedriver                        0x0000000102aad7bc cxxbridge1$string$len + 62188
4   chromedriver                        0x0000000102a9f654 cxxbridge1$string$len + 4484
5   chromedriver                        0x0000000102aa108c cxxbridge1$string$len + 11196
6   chromedriver                        0x0000000102a9fa00 cxxbridge1$string$len + 5424
7   chromedriver                        0x0000000102a9f27c cxxbridge1$string$len + 3500
8   chromedriver                        0x0000000102a9f208 cxxbridge1$strin...
    [ Message content over the limit has been removed. ]
...er                        0x0000000102aedd7c cxxbridge1$string$len + 325804
16  chromedriver                        0x0000000102e70504 cxxbridge1$str$ptr + 1678560
17  chromedriver                        0x0000000102e74e6c cxxbridge1$str$ptr + 1697352
18  chromedriver                        0x0000000102e55618 cxxbridge1$str$ptr + 1568244
19  chromedriver                        0x0000000102e7573c cxxbridge1$str$ptr + 1699608
20  chromedriver                        0x0000000102e46bbc cxxbridge1$str$ptr + 1508248
21  chromedriver                        0x0000000102e91854 cxxbridge1$str$ptr + 1814576
22  chromedriver                        0x0000000102e919ac cxxbridge1$str$ptr + 1814920
23  chromedriver                        0x0000000102ea03fc cxxbridge1$str$ptr + 1874904
24  libsystem_pthread.dylib             0x000000018638b2e4 _pthread_start + 136
25  libsystem_pthread.dylib             0x00000001863860fc thread_start + 8
------------------------------------------------------------------------------
Basicrobotasgmt.Asgmt8                                                | FAIL |
1 test, 0 passed, 1 failed
==============================================================================
Basicrobotasgmt                                                       | FAIL |
1 test, 0 passed, 1 failed
==============================================================================
Output:  /Users/docxed/Desktop/work/doppiocourse/basicrobotasgmt/pabot_results/36/output.xml
